{"C:\\Users\\Edgar\\Workspace\\KPN\\scrum-board\\src\\components\\Board.vue": {"path":"C:\\Users\\Edgar\\Workspace\\KPN\\scrum-board\\src\\components\\Board.vue","statementMap":{"0":{"start":{"line":63,"column":0},"end":{"line":63,"column":null}},"1":{"start":{"line":64,"column":0},"end":{"line":64,"column":null}},"2":{"start":{"line":67,"column":0},"end":{"line":67,"column":null}},"3":{"start":{"line":68,"column":0},"end":{"line":68,"column":null}},"4":{"start":{"line":69,"column":0},"end":{"line":69,"column":null}},"5":{"start":{"line":71,"column":15},"end":{"line":71,"column":31}},"6":{"start":{"line":75,"column":41},"end":{"line":75,"column":50}},"7":{"start":{"line":78,"column":8},"end":{"line":78,"column":17}},"8":{"start":{"line":79,"column":19},"end":{"line":79,"column":null}},"9":{"start":{"line":80,"column":19},"end":{"line":80,"column":null}},"10":{"start":{"line":81,"column":4},"end":{"line":81,"column":10}},"11":{"start":{"line":82,"column":6},"end":{"line":82,"column":18}},"12":{"start":{"line":84,"column":4},"end":{"line":84,"column":10}},"13":{"start":{"line":85,"column":6},"end":{"line":85,"column":18}},"14":{"start":{"line":90,"column":4},"end":{"line":90,"column":14}},"15":{"start":{"line":91,"column":6},"end":{"line":91,"column":14}},"16":{"start":{"line":92,"column":6},"end":{"line":92,"column":21}},"17":{"start":{"line":96,"column":17},"end":{"line":96,"column":22}},"18":{"start":{"line":97,"column":6},"end":{"line":97,"column":14}},"19":{"start":{"line":105,"column":6},"end":{"line":105,"column":14}},"20":{"start":{"line":106,"column":6},"end":{"line":106,"column":14}},"21":{"start":{"line":108,"column":28},"end":{"line":108,"column":30}},"22":{"start":{"line":108,"column":34},"end":{"line":108,"column":36}},"23":{"start":{"line":108,"column":41},"end":{"line":108,"column":48}},"24":{"start":{"line":109,"column":6},"end":{"line":109,"column":14}},"25":{"start":{"line":109,"column":58},"end":{"line":109,"column":64}},"26":{"start":{"line":117,"column":6},"end":{"line":117,"column":14}},"27":{"start":{"line":118,"column":6},"end":{"line":118,"column":14}},"28":{"start":{"line":121,"column":6},"end":{"line":121,"column":14}},"29":{"start":{"line":122,"column":6},"end":{"line":122,"column":14}},"30":{"start":{"line":125,"column":6},"end":{"line":125,"column":14}},"31":{"start":{"line":126,"column":45},"end":{"line":126,"column":51}},"32":{"start":{"line":131,"column":6},"end":{"line":131,"column":8}},"33":{"start":{"line":134,"column":6},"end":{"line":134,"column":8}},"34":{"start":{"line":136,"column":22},"end":{"line":136,"column":24}},"35":{"start":{"line":136,"column":26},"end":{"line":136,"column":59}},"36":{"start":{"line":137,"column":6},"end":{"line":137,"column":8}},"37":{"start":{"line":138,"column":28},"end":{"line":138,"column":30}},"38":{"start":{"line":139,"column":30},"end":{"line":139,"column":null}},"39":{"start":{"line":140,"column":6},"end":{"line":140,"column":null}},"40":{"start":{"line":140,"column":49},"end":{"line":140,"column":null}},"41":{"start":{"line":141,"column":26},"end":{"line":141,"column":34}},"42":{"start":{"line":142,"column":20},"end":{"line":142,"column":26}},"43":{"start":{"line":144,"column":28},"end":{"line":144,"column":36}},"44":{"start":{"line":145,"column":20},"end":{"line":145,"column":26}},"45":{"start":{"line":147,"column":6},"end":{"line":172,"column":null}},"46":{"start":{"line":147,"column":49},"end":{"line":147,"column":55}},"47":{"start":{"line":148,"column":8},"end":{"line":148,"column":23}},"48":{"start":{"line":149,"column":28},"end":{"line":149,"column":34}},"49":{"start":{"line":151,"column":44},"end":{"line":151,"column":50}},"50":{"start":{"line":153,"column":8},"end":{"line":153,"column":16}},"51":{"start":{"line":154,"column":22},"end":{"line":154,"column":28}},"52":{"start":{"line":157,"column":8},"end":{"line":157,"column":16}},"53":{"start":{"line":158,"column":8},"end":{"line":158,"column":16}},"54":{"start":{"line":159,"column":8},"end":{"line":159,"column":23}},"55":{"start":{"line":168,"column":8},"end":{"line":168,"column":16}},"56":{"start":{"line":170,"column":12},"end":{"line":170,"column":18}},"57":{"start":{"line":175,"column":13},"end":{"line":175,"column":null}},"58":{"start":{"line":176,"column":14},"end":{"line":176,"column":null}},"59":{"start":{"line":181,"column":6},"end":{"line":181,"column":14}},"60":{"start":{"line":183,"column":53},"end":{"line":183,"column":58}},"61":{"start":{"line":184,"column":36},"end":{"line":184,"column":42}},"62":{"start":{"line":186,"column":6},"end":{"line":186,"column":21}},"63":{"start":{"line":187,"column":25},"end":{"line":187,"column":30}},"64":{"start":{"line":190,"column":29},"end":{"line":190,"column":34}},"65":{"start":{"line":191,"column":45},"end":{"line":191,"column":51}},"66":{"start":{"line":194,"column":6},"end":{"line":202,"column":null}},"67":{"start":{"line":195,"column":46},"end":{"line":195,"column":51}},"68":{"start":{"line":198,"column":8},"end":{"line":198,"column":23}},"69":{"start":{"line":199,"column":53},"end":{"line":199,"column":58}},"70":{"start":{"line":205,"column":8},"end":{"line":205,"column":null}},"71":{"start":{"line":206,"column":10},"end":{"line":206,"column":null}},"72":{"start":{"line":207,"column":9},"end":{"line":207,"column":null}},"73":{"start":{"line":208,"column":10},"end":{"line":208,"column":null}},"74":{"start":{"line":216,"column":8},"end":{"line":216,"column":null}},"75":{"start":{"line":217,"column":6},"end":{"line":217,"column":20}},"76":{"start":{"line":218,"column":50},"end":{"line":218,"column":56}},"77":{"start":{"line":220,"column":6},"end":{"line":220,"column":20}},"78":{"start":{"line":221,"column":50},"end":{"line":221,"column":56}},"79":{"start":{"line":224,"column":4},"end":{"line":224,"column":11}}},"fnMap":{"0":{"name":"(anonymous_0)","decl":{"start":{"line":74,"column":2},"end":{"line":74,"column":7}},"loc":{"start":{"line":74,"column":2},"end":{"line":239,"column":null}}},"1":{"name":"(anonymous_1)","decl":{"start":{"line":81,"column":20},"end":{"line":81,"column":null}},"loc":{"start":{"line":81,"column":20},"end":{"line":83,"column":null}}},"2":{"name":"(anonymous_2)","decl":{"start":{"line":84,"column":27},"end":{"line":84,"column":null}},"loc":{"start":{"line":84,"column":27},"end":{"line":89,"column":null}}},"3":{"name":"(anonymous_3)","decl":{"start":{"line":90,"column":14},"end":{"line":90,"column":null}},"loc":{"start":{"line":90,"column":14},"end":{"line":94,"column":null}}},"4":{"name":"createSticky","decl":{"start":{"line":95,"column":13},"end":{"line":95,"column":25}},"loc":{"start":{"line":95,"column":25},"end":{"line":107,"column":null}}},"5":{"name":"saveSticky","decl":{"start":{"line":108,"column":13},"end":{"line":108,"column":24}},"loc":{"start":{"line":108,"column":48},"end":{"line":119,"column":null}}},"6":{"name":"(anonymous_6)","decl":{"start":{"line":109,"column":46},"end":{"line":109,"column":47}},"loc":{"start":{"line":109,"column":53},"end":{"line":109,"column":79}}},"7":{"name":"updateSticky","decl":{"start":{"line":120,"column":13},"end":{"line":120,"column":26}},"loc":{"start":{"line":120,"column":36},"end":{"line":123,"column":null}}},"8":{"name":"deleteSticky","decl":{"start":{"line":124,"column":13},"end":{"line":124,"column":26}},"loc":{"start":{"line":124,"column":36},"end":{"line":129,"column":null}}},"9":{"name":"(anonymous_9)","decl":{"start":{"line":126,"column":33},"end":{"line":126,"column":34}},"loc":{"start":{"line":126,"column":40},"end":{"line":126,"column":null}}},"10":{"name":"allowDrop","decl":{"start":{"line":130,"column":13},"end":{"line":130,"column":23}},"loc":{"start":{"line":130,"column":36},"end":{"line":132,"column":null}}},"11":{"name":"drag","decl":{"start":{"line":133,"column":13},"end":{"line":133,"column":18}},"loc":{"start":{"line":133,"column":43},"end":{"line":135,"column":null}}},"12":{"name":"drop","decl":{"start":{"line":136,"column":13},"end":{"line":136,"column":18}},"loc":{"start":{"line":136,"column":59},"end":{"line":173,"column":null}}},"13":{"name":"(anonymous_13)","decl":{"start":{"line":142,"column":8},"end":{"line":142,"column":9}},"loc":{"start":{"line":142,"column":15},"end":{"line":142,"column":null}}},"14":{"name":"(anonymous_14)","decl":{"start":{"line":145,"column":8},"end":{"line":145,"column":9}},"loc":{"start":{"line":145,"column":15},"end":{"line":145,"column":null}}},"15":{"name":"(anonymous_15)","decl":{"start":{"line":147,"column":37},"end":{"line":147,"column":38}},"loc":{"start":{"line":147,"column":44},"end":{"line":147,"column":68}}},"16":{"name":"(anonymous_16)","decl":{"start":{"line":149,"column":16},"end":{"line":149,"column":17}},"loc":{"start":{"line":149,"column":23},"end":{"line":149,"column":45}}},"17":{"name":"(anonymous_17)","decl":{"start":{"line":151,"column":32},"end":{"line":151,"column":33}},"loc":{"start":{"line":151,"column":39},"end":{"line":151,"column":null}}},"18":{"name":"(anonymous_18)","decl":{"start":{"line":154,"column":10},"end":{"line":154,"column":11}},"loc":{"start":{"line":154,"column":17},"end":{"line":154,"column":null}}},"19":{"name":"(anonymous_19)","decl":{"start":{"line":169,"column":10},"end":{"line":169,"column":11}},"loc":{"start":{"line":169,"column":17},"end":{"line":170,"column":null}}},"20":{"name":"detachSticky","decl":{"start":{"line":174,"column":13},"end":{"line":174,"column":26}},"loc":{"start":{"line":180,"column":5},"end":{"line":203,"column":null}}},"21":{"name":"(anonymous_21)","decl":{"start":{"line":183,"column":42},"end":{"line":183,"column":43}},"loc":{"start":{"line":183,"column":48},"end":{"line":183,"column":null}}},"22":{"name":"(anonymous_22)","decl":{"start":{"line":184,"column":24},"end":{"line":184,"column":25}},"loc":{"start":{"line":184,"column":31},"end":{"line":184,"column":null}}},"23":{"name":"(anonymous_23)","decl":{"start":{"line":187,"column":14},"end":{"line":187,"column":15}},"loc":{"start":{"line":187,"column":20},"end":{"line":187,"column":46}}},"24":{"name":"(anonymous_24)","decl":{"start":{"line":190,"column":18},"end":{"line":190,"column":19}},"loc":{"start":{"line":190,"column":24},"end":{"line":190,"column":50}}},"25":{"name":"(anonymous_25)","decl":{"start":{"line":191,"column":33},"end":{"line":191,"column":34}},"loc":{"start":{"line":191,"column":40},"end":{"line":191,"column":72}}},"26":{"name":"(anonymous_26)","decl":{"start":{"line":195,"column":35},"end":{"line":195,"column":36}},"loc":{"start":{"line":195,"column":41},"end":{"line":195,"column":67}}},"27":{"name":"(anonymous_27)","decl":{"start":{"line":199,"column":42},"end":{"line":199,"column":43}},"loc":{"start":{"line":199,"column":48},"end":{"line":199,"column":null}}},"28":{"name":"savePosition","decl":{"start":{"line":204,"column":13},"end":{"line":204,"column":26}},"loc":{"start":{"line":214,"column":5},"end":{"line":223,"column":null}}},"29":{"name":"(anonymous_29)","decl":{"start":{"line":218,"column":33},"end":{"line":218,"column":34}},"loc":{"start":{"line":218,"column":45},"end":{"line":218,"column":null}}},"30":{"name":"(anonymous_30)","decl":{"start":{"line":221,"column":33},"end":{"line":221,"column":34}},"loc":{"start":{"line":221,"column":45},"end":{"line":221,"column":null}}}},"branchMap":{"0":{"loc":{"start":{"line":91,"column":23},"end":{"line":91,"column":27}},"type":"binary-expr","locations":[{"start":{"line":91,"column":23},"end":{"line":91,"column":27}},{"start":{"line":91,"column":72},"end":{"line":91,"column":null}}]},"1":{"loc":{"start":{"line":93,"column":8},"end":{"line":93,"column":12}},"type":"binary-expr","locations":[{"start":{"line":93,"column":8},"end":{"line":93,"column":12}},{"start":{"line":93,"column":64},"end":{"line":93,"column":null}}]},"2":{"loc":{"start":{"line":140,"column":6},"end":{"line":140,"column":null}},"type":"if","locations":[{"start":{"line":140,"column":6},"end":{"line":140,"column":null}},{"start":{"line":140,"column":6},"end":{"line":140,"column":null}}]},"3":{"loc":{"start":{"line":147,"column":6},"end":{"line":172,"column":null}},"type":"if","locations":[{"start":{"line":147,"column":6},"end":{"line":172,"column":null}},{"start":{"line":147,"column":6},"end":{"line":172,"column":null}}]},"4":{"loc":{"start":{"line":149,"column":45},"end":{"line":149,"column":null}},"type":"cond-expr","locations":[{"start":{"line":149,"column":45},"end":{"line":149,"column":null}},{"start":{"line":149,"column":45},"end":{"line":149,"column":null}}]},"5":{"loc":{"start":{"line":148,"column":8},"end":{"line":149,"column":null}},"type":"binary-expr","locations":[{"start":{"line":148,"column":8},"end":{"line":149,"column":null}},{"start":{"line":149,"column":45},"end":{"line":149,"column":null}}]},"6":{"loc":{"start":{"line":170,"column":12},"end":{"line":170,"column":45}},"type":"binary-expr","locations":[{"start":{"line":170,"column":12},"end":{"line":170,"column":45}},{"start":{"line":170,"column":45},"end":{"line":170,"column":76}}]},"7":{"loc":{"start":{"line":187,"column":46},"end":{"line":187,"column":null}},"type":"cond-expr","locations":[{"start":{"line":187,"column":46},"end":{"line":187,"column":null}},{"start":{"line":187,"column":46},"end":{"line":187,"column":null}}]},"8":{"loc":{"start":{"line":186,"column":6},"end":{"line":187,"column":null}},"type":"binary-expr","locations":[{"start":{"line":186,"column":6},"end":{"line":187,"column":null}},{"start":{"line":187,"column":46},"end":{"line":187,"column":null}}]},"9":{"loc":{"start":{"line":189,"column":10},"end":{"line":190,"column":null}},"type":"binary-expr","locations":[{"start":{"line":189,"column":10},"end":{"line":190,"column":null}},{"start":{"line":191,"column":72},"end":{"line":191,"column":null}}]},"10":{"loc":{"start":{"line":190,"column":50},"end":{"line":190,"column":null}},"type":"cond-expr","locations":[{"start":{"line":190,"column":50},"end":{"line":190,"column":null}},{"start":{"line":190,"column":50},"end":{"line":190,"column":null}}]},"11":{"loc":{"start":{"line":189,"column":10},"end":{"line":190,"column":null}},"type":"binary-expr","locations":[{"start":{"line":189,"column":10},"end":{"line":190,"column":null}},{"start":{"line":190,"column":50},"end":{"line":190,"column":null}}]},"12":{"loc":{"start":{"line":194,"column":6},"end":{"line":202,"column":null}},"type":"if","locations":[{"start":{"line":194,"column":6},"end":{"line":202,"column":null}},{"start":{"line":194,"column":6},"end":{"line":202,"column":null}}]},"13":{"loc":{"start":{"line":195,"column":67},"end":{"line":195,"column":69}},"type":"cond-expr","locations":[{"start":{"line":195,"column":67},"end":{"line":195,"column":69}},{"start":{"line":195,"column":67},"end":{"line":196,"column":22}}]},"14":{"loc":{"start":{"line":195,"column":8},"end":{"line":195,"column":69}},"type":"binary-expr","locations":[{"start":{"line":195,"column":8},"end":{"line":195,"column":69}},{"start":{"line":195,"column":67},"end":{"line":195,"column":69}}]},"15":{"loc":{"start":{"line":216,"column":30},"end":{"line":216,"column":47}},"type":"cond-expr","locations":[{"start":{"line":216,"column":30},"end":{"line":216,"column":47}},{"start":{"line":216,"column":47},"end":{"line":216,"column":null}}]}},"s":{"0":1,"1":1,"2":1,"3":1,"4":1,"5":1,"6":5,"7":5,"8":5,"9":5,"10":5,"11":5,"12":5,"13":5,"14":5,"15":5,"16":5,"17":1,"18":1,"19":1,"20":1,"21":2,"22":2,"23":2,"24":2,"25":2,"26":2,"27":2,"28":0,"29":0,"30":1,"31":1,"32":0,"33":0,"34":0,"35":0,"36":0,"37":0,"38":0,"39":0,"40":0,"41":0,"42":0,"43":0,"44":0,"45":0,"46":0,"47":0,"48":0,"49":0,"50":0,"51":0,"52":0,"53":0,"54":0,"55":0,"56":0,"57":0,"58":0,"59":0,"60":0,"61":0,"62":0,"63":0,"64":0,"65":0,"66":0,"67":0,"68":0,"69":0,"70":0,"71":0,"72":0,"73":0,"74":0,"75":0,"76":0,"77":0,"78":0,"79":5},"f":{"0":5,"1":5,"2":5,"3":5,"4":1,"5":2,"6":2,"7":0,"8":1,"9":1,"10":0,"11":0,"12":0,"13":0,"14":0,"15":0,"16":0,"17":0,"18":0,"19":0,"20":0,"21":0,"22":0,"23":0,"24":0,"25":0,"26":0,"27":0,"28":0,"29":0,"30":0},"b":{"0":[5,1],"1":[5,1],"2":[0,0],"3":[0,0],"4":[0,0],"5":[0,0],"6":[0,0],"7":[0,0],"8":[0,0],"9":[0,0],"10":[0,0],"11":[0,0],"12":[0,0],"13":[0,0],"14":[0,0],"15":[0,0]}}
,"C:\\Users\\Edgar\\Workspace\\KPN\\scrum-board\\src\\components\\Draggable.vue": {"path":"C:\\Users\\Edgar\\Workspace\\KPN\\scrum-board\\src\\components\\Draggable.vue","statementMap":{"0":{"start":{"line":17,"column":0},"end":{"line":17,"column":null}},"1":{"start":{"line":19,"column":15},"end":{"line":19,"column":31}},"2":{"start":{"line":25,"column":21},"end":{"line":25,"column":23}},"3":{"start":{"line":26,"column":20},"end":{"line":26,"column":null}},"4":{"start":{"line":32,"column":31},"end":{"line":32,"column":null}},"5":{"start":{"line":34,"column":6},"end":{"line":34,"column":11}},"6":{"start":{"line":36,"column":6},"end":{"line":36,"column":15}},"7":{"start":{"line":37,"column":6},"end":{"line":37,"column":15}},"8":{"start":{"line":38,"column":6},"end":{"line":38,"column":14}},"9":{"start":{"line":39,"column":6},"end":{"line":39,"column":14}},"10":{"start":{"line":42,"column":6},"end":{"line":42,"column":11}},"11":{"start":{"line":43,"column":6},"end":{"line":43,"column":15}},"12":{"start":{"line":44,"column":6},"end":{"line":44,"column":15}},"13":{"start":{"line":45,"column":6},"end":{"line":45,"column":15}},"14":{"start":{"line":46,"column":6},"end":{"line":46,"column":15}},"15":{"start":{"line":49,"column":8},"end":{"line":49,"column":null}},"16":{"start":{"line":51,"column":8},"end":{"line":51,"column":null}},"17":{"start":{"line":52,"column":6},"end":{"line":52,"column":24}},"18":{"start":{"line":53,"column":6},"end":{"line":53,"column":24}},"19":{"start":{"line":54,"column":6},"end":{"line":54,"column":10}},"20":{"start":{"line":57,"column":6},"end":{"line":57,"column":14}},"21":{"start":{"line":58,"column":6},"end":{"line":58,"column":14}},"22":{"start":{"line":60,"column":4},"end":{"line":60,"column":14}},"23":{"start":{"line":62,"column":8},"end":{"line":62,"column":null}},"24":{"start":{"line":63,"column":21},"end":{"line":65,"column":13}},"25":{"start":{"line":64,"column":29},"end":{"line":64,"column":35}},"26":{"start":{"line":66,"column":6},"end":{"line":66,"column":24}},"27":{"start":{"line":67,"column":6},"end":{"line":67,"column":24}},"28":{"start":{"line":69,"column":4},"end":{"line":69,"column":11}}},"fnMap":{"0":{"name":"(anonymous_0)","decl":{"start":{"line":25,"column":2},"end":{"line":25,"column":7}},"loc":{"start":{"line":25,"column":23},"end":{"line":73,"column":null}}},"1":{"name":"dragMouseDown","decl":{"start":{"line":33,"column":13},"end":{"line":33,"column":27}},"loc":{"start":{"line":33,"column":43},"end":{"line":40,"column":null}}},"2":{"name":"elementDrag","decl":{"start":{"line":41,"column":13},"end":{"line":41,"column":25}},"loc":{"start":{"line":41,"column":35},"end":{"line":55,"column":null}}},"3":{"name":"closeDragElement","decl":{"start":{"line":56,"column":13},"end":{"line":56,"column":29}},"loc":{"start":{"line":56,"column":29},"end":{"line":59,"column":null}}},"4":{"name":"(anonymous_4)","decl":{"start":{"line":60,"column":14},"end":{"line":60,"column":null}},"loc":{"start":{"line":60,"column":14},"end":{"line":68,"column":null}}},"5":{"name":"(anonymous_5)","decl":{"start":{"line":64,"column":8},"end":{"line":64,"column":9}},"loc":{"start":{"line":64,"column":24},"end":{"line":64,"column":null}}}},"branchMap":{"0":{"loc":{"start":{"line":62,"column":8},"end":{"line":62,"column":12}},"type":"binary-expr","locations":[{"start":{"line":62,"column":8},"end":{"line":62,"column":12}},{"start":{"line":62,"column":66},"end":{"line":62,"column":null}}]},"1":{"loc":{"start":{"line":63,"column":21},"end":{"line":63,"column":29}},"type":"binary-expr","locations":[{"start":{"line":63,"column":21},"end":{"line":63,"column":29}},{"start":{"line":65,"column":11},"end":{"line":65,"column":13}}]}},"s":{"0":2,"1":2,"2":2,"3":2,"4":2,"5":0,"6":0,"7":0,"8":0,"9":0,"10":0,"11":0,"12":0,"13":0,"14":0,"15":0,"16":0,"17":0,"18":0,"19":0,"20":0,"21":0,"22":2,"23":2,"24":2,"25":0,"26":2,"27":2,"28":2},"f":{"0":2,"1":0,"2":0,"3":0,"4":2,"5":0},"b":{"0":[2,2],"1":[2,2]}}
,"C:\\Users\\Edgar\\Workspace\\KPN\\scrum-board\\src\\components\\GroupedStickies.vue": {"path":"C:\\Users\\Edgar\\Workspace\\KPN\\scrum-board\\src\\components\\GroupedStickies.vue","statementMap":{"0":{"start":{"line":30,"column":0},"end":{"line":30,"column":null}},"1":{"start":{"line":31,"column":0},"end":{"line":31,"column":null}},"2":{"start":{"line":33,"column":15},"end":{"line":33,"column":31}},"3":{"start":{"line":39,"column":17},"end":{"line":39,"column":19}},"4":{"start":{"line":41,"column":6},"end":{"line":41,"column":13}},"5":{"start":{"line":41,"column":37},"end":{"line":41,"column":38}},"6":{"start":{"line":44,"column":6},"end":{"line":44,"column":10}},"7":{"start":{"line":47,"column":6},"end":{"line":47,"column":8}},"8":{"start":{"line":50,"column":6},"end":{"line":50,"column":10}},"9":{"start":{"line":52,"column":4},"end":{"line":52,"column":11}}},"fnMap":{"0":{"name":"(anonymous_0)","decl":{"start":{"line":39,"column":2},"end":{"line":39,"column":7}},"loc":{"start":{"line":39,"column":19},"end":{"line":53,"column":null}}},"1":{"name":"orderStickies","decl":{"start":{"line":40,"column":13},"end":{"line":40,"column":27}},"loc":{"start":{"line":40,"column":46},"end":{"line":42,"column":null}}},"2":{"name":"(anonymous_2)","decl":{"start":{"line":41,"column":27},"end":{"line":41,"column":28}},"loc":{"start":{"line":41,"column":32},"end":{"line":41,"column":null}}},"3":{"name":"detachSticky","decl":{"start":{"line":43,"column":13},"end":{"line":43,"column":26}},"loc":{"start":{"line":43,"column":59},"end":{"line":45,"column":null}}},"4":{"name":"allowDrop","decl":{"start":{"line":46,"column":13},"end":{"line":46,"column":23}},"loc":{"start":{"line":46,"column":36},"end":{"line":48,"column":null}}},"5":{"name":"drop","decl":{"start":{"line":49,"column":13},"end":{"line":49,"column":18}},"loc":{"start":{"line":49,"column":43},"end":{"line":51,"column":null}}}},"branchMap":{},"s":{"0":2,"1":2,"2":2,"3":1,"4":1,"5":0,"6":0,"7":0,"8":0,"9":1},"f":{"0":1,"1":1,"2":0,"3":0,"4":0,"5":0},"b":{}}
,"C:\\Users\\Edgar\\Workspace\\KPN\\scrum-board\\src\\components\\Sticky.vue": {"path":"C:\\Users\\Edgar\\Workspace\\KPN\\scrum-board\\src\\components\\Sticky.vue","statementMap":{"0":{"start":{"line":43,"column":0},"end":{"line":43,"column":null}},"1":{"start":{"line":44,"column":0},"end":{"line":44,"column":null}},"2":{"start":{"line":45,"column":0},"end":{"line":45,"column":null}},"3":{"start":{"line":47,"column":15},"end":{"line":47,"column":31}},"4":{"start":{"line":55,"column":17},"end":{"line":55,"column":19}},"5":{"start":{"line":56,"column":28},"end":{"line":56,"column":30}},"6":{"start":{"line":56,"column":34},"end":{"line":56,"column":36}},"7":{"start":{"line":56,"column":41},"end":{"line":56,"column":48}},"8":{"start":{"line":57,"column":6},"end":{"line":57,"column":10}},"9":{"start":{"line":60,"column":6},"end":{"line":60,"column":10}},"10":{"start":{"line":63,"column":6},"end":{"line":63,"column":10}},"11":{"start":{"line":65,"column":4},"end":{"line":65,"column":11}}},"fnMap":{"0":{"name":"(anonymous_0)","decl":{"start":{"line":55,"column":2},"end":{"line":55,"column":7}},"loc":{"start":{"line":55,"column":19},"end":{"line":71,"column":null}}},"1":{"name":"saveSticky","decl":{"start":{"line":56,"column":13},"end":{"line":56,"column":24}},"loc":{"start":{"line":56,"column":48},"end":{"line":58,"column":null}}},"2":{"name":"deleteSticky","decl":{"start":{"line":59,"column":13},"end":{"line":59,"column":26}},"loc":{"start":{"line":59,"column":36},"end":{"line":61,"column":null}}},"3":{"name":"updateSticky","decl":{"start":{"line":62,"column":13},"end":{"line":62,"column":26}},"loc":{"start":{"line":62,"column":36},"end":{"line":64,"column":null}}}},"branchMap":{},"s":{"0":2,"1":2,"2":2,"3":2,"4":3,"5":0,"6":0,"7":0,"8":0,"9":0,"10":0,"11":3},"f":{"0":3,"1":0,"2":0,"3":0},"b":{}}
,"C:\\Users\\Edgar\\Workspace\\KPN\\scrum-board\\src\\components\\StickyForm.vue": {"path":"C:\\Users\\Edgar\\Workspace\\KPN\\scrum-board\\src\\components\\StickyForm.vue","statementMap":{"0":{"start":{"line":33,"column":0},"end":{"line":33,"column":null}},"1":{"start":{"line":35,"column":15},"end":{"line":35,"column":31}},"2":{"start":{"line":42,"column":17},"end":{"line":42,"column":19}},"3":{"start":{"line":43,"column":17},"end":{"line":43,"column":21}},"4":{"start":{"line":44,"column":18},"end":{"line":44,"column":22}},"5":{"start":{"line":46,"column":6},"end":{"line":46,"column":10}},"6":{"start":{"line":52,"column":4},"end":{"line":52,"column":11}}},"fnMap":{"0":{"name":"(anonymous_0)","decl":{"start":{"line":42,"column":2},"end":{"line":42,"column":7}},"loc":{"start":{"line":42,"column":19},"end":{"line":53,"column":null}}},"1":{"name":"saveSticky","decl":{"start":{"line":45,"column":13},"end":{"line":45,"column":24}},"loc":{"start":{"line":45,"column":34},"end":{"line":51,"column":null}}}},"branchMap":{},"s":{"0":3,"1":3,"2":1,"3":1,"4":1,"5":0,"6":1},"f":{"0":1,"1":0},"b":{}}
,"C:\\Users\\Edgar\\Workspace\\KPN\\scrum-board\\src\\composables\\useInvertColor.ts": {"path":"C:\\Users\\Edgar\\Workspace\\KPN\\scrum-board\\src\\composables\\useInvertColor.ts","statementMap":{"0":{"start":{"line":3,"column":2},"end":{"line":5,"column":null}},"1":{"start":{"line":4,"column":4},"end":{"line":4,"column":7}},"2":{"start":{"line":7,"column":2},"end":{"line":9,"column":null}},"3":{"start":{"line":8,"column":4},"end":{"line":8,"column":7}},"4":{"start":{"line":10,"column":2},"end":{"line":12,"column":null}},"5":{"start":{"line":11,"column":4},"end":{"line":11,"column":10}},"6":{"start":{"line":14,"column":12},"end":{"line":14,"column":13}},"7":{"start":{"line":15,"column":8},"end":{"line":15,"column":9}},"8":{"start":{"line":16,"column":8},"end":{"line":16,"column":9}},"9":{"start":{"line":19,"column":2},"end":{"line":19,"column":9}},"10":{"start":{"line":22,"column":2},"end":{"line":22,"column":5}},"11":{"start":{"line":23,"column":16},"end":{"line":23,"column":20}},"12":{"start":{"line":24,"column":2},"end":{"line":24,"column":9}}},"fnMap":{"0":{"name":"invertColor","decl":{"start":{"line":1,"column":24},"end":{"line":1,"column":36}},"loc":{"start":{"line":1,"column":47},"end":{"line":20,"column":null}}},"1":{"name":"padZero","decl":{"start":{"line":21,"column":9},"end":{"line":21,"column":17}},"loc":{"start":{"line":21,"column":42},"end":{"line":25,"column":null}}}},"branchMap":{"0":{"loc":{"start":{"line":3,"column":2},"end":{"line":5,"column":null}},"type":"if","locations":[{"start":{"line":3,"column":2},"end":{"line":5,"column":null}},{"start":{"line":3,"column":2},"end":{"line":5,"column":null}}]},"1":{"loc":{"start":{"line":7,"column":2},"end":{"line":9,"column":null}},"type":"if","locations":[{"start":{"line":7,"column":2},"end":{"line":9,"column":null}},{"start":{"line":7,"column":2},"end":{"line":9,"column":null}}]},"2":{"loc":{"start":{"line":10,"column":2},"end":{"line":12,"column":null}},"type":"if","locations":[{"start":{"line":10,"column":2},"end":{"line":12,"column":null}},{"start":{"line":10,"column":2},"end":{"line":12,"column":null}}]},"3":{"loc":{"start":{"line":22,"column":8},"end":{"line":22,"column":11}},"type":"binary-expr","locations":[{"start":{"line":22,"column":8},"end":{"line":22,"column":11}},{"start":{"line":22,"column":15},"end":{"line":22,"column":null}}]}},"s":{"0":9,"1":9,"2":9,"3":0,"4":9,"5":0,"6":9,"7":9,"8":9,"9":9,"10":27,"11":27,"12":27},"f":{"0":9,"1":27},"b":{"0":[9,0],"1":[0,9],"2":[0,9],"3":[27,27]}}
}
