TN:
SF:C:\Users\Edgar\Workspace\KPN\scrum-board\src\components\Board.vue
FN:74,(anonymous_0)
FN:81,(anonymous_1)
FN:84,(anonymous_2)
FN:90,(anonymous_3)
FN:95,createSticky
FN:108,saveSticky
FN:109,(anonymous_6)
FN:120,updateSticky
FN:124,deleteSticky
FN:126,(anonymous_9)
FN:130,allowDrop
FN:133,drag
FN:136,drop
FN:142,(anonymous_13)
FN:145,(anonymous_14)
FN:147,(anonymous_15)
FN:149,(anonymous_16)
FN:151,(anonymous_17)
FN:154,(anonymous_18)
FN:169,(anonymous_19)
FN:174,detachSticky
FN:183,(anonymous_21)
FN:184,(anonymous_22)
FN:187,(anonymous_23)
FN:190,(anonymous_24)
FN:191,(anonymous_25)
FN:195,(anonymous_26)
FN:199,(anonymous_27)
FN:204,savePosition
FN:218,(anonymous_29)
FN:221,(anonymous_30)
FNF:31
FNH:9
FNDA:5,(anonymous_0)
FNDA:5,(anonymous_1)
FNDA:5,(anonymous_2)
FNDA:5,(anonymous_3)
FNDA:1,createSticky
FNDA:2,saveSticky
FNDA:2,(anonymous_6)
FNDA:0,updateSticky
FNDA:1,deleteSticky
FNDA:1,(anonymous_9)
FNDA:0,allowDrop
FNDA:0,drag
FNDA:0,drop
FNDA:0,(anonymous_13)
FNDA:0,(anonymous_14)
FNDA:0,(anonymous_15)
FNDA:0,(anonymous_16)
FNDA:0,(anonymous_17)
FNDA:0,(anonymous_18)
FNDA:0,(anonymous_19)
FNDA:0,detachSticky
FNDA:0,(anonymous_21)
FNDA:0,(anonymous_22)
FNDA:0,(anonymous_23)
FNDA:0,(anonymous_24)
FNDA:0,(anonymous_25)
FNDA:0,(anonymous_26)
FNDA:0,(anonymous_27)
FNDA:0,savePosition
FNDA:0,(anonymous_29)
FNDA:0,(anonymous_30)
DA:63,1
DA:64,1
DA:67,1
DA:68,1
DA:69,1
DA:71,1
DA:75,5
DA:78,5
DA:79,5
DA:80,5
DA:81,5
DA:82,5
DA:84,5
DA:85,5
DA:90,5
DA:91,5
DA:92,5
DA:96,1
DA:97,1
DA:105,1
DA:106,1
DA:108,2
DA:109,2
DA:117,2
DA:118,2
DA:121,0
DA:122,0
DA:125,1
DA:126,1
DA:131,0
DA:134,0
DA:136,0
DA:137,0
DA:138,0
DA:139,0
DA:140,0
DA:141,0
DA:142,0
DA:144,0
DA:145,0
DA:147,0
DA:148,0
DA:149,0
DA:151,0
DA:153,0
DA:154,0
DA:157,0
DA:158,0
DA:159,0
DA:168,0
DA:170,0
DA:175,0
DA:176,0
DA:181,0
DA:183,0
DA:184,0
DA:186,0
DA:187,0
DA:190,0
DA:191,0
DA:194,0
DA:195,0
DA:198,0
DA:199,0
DA:205,0
DA:206,0
DA:207,0
DA:208,0
DA:216,0
DA:217,0
DA:218,0
DA:220,0
DA:221,0
DA:224,5
LF:74
LH:28
BRDA:91,0,0,5
BRDA:91,0,1,1
BRDA:93,1,0,5
BRDA:93,1,1,1
BRDA:140,2,0,0
BRDA:140,2,1,0
BRDA:147,3,0,0
BRDA:147,3,1,0
BRDA:149,4,0,0
BRDA:149,4,1,0
BRDA:148,5,0,0
BRDA:148,5,1,0
BRDA:170,6,0,0
BRDA:170,6,1,0
BRDA:187,7,0,0
BRDA:187,7,1,0
BRDA:186,8,0,0
BRDA:186,8,1,0
BRDA:189,9,0,0
BRDA:189,9,1,0
BRDA:190,10,0,0
BRDA:190,10,1,0
BRDA:189,11,0,0
BRDA:189,11,1,0
BRDA:194,12,0,0
BRDA:194,12,1,0
BRDA:195,13,0,0
BRDA:195,13,1,0
BRDA:195,14,0,0
BRDA:195,14,1,0
BRDA:216,15,0,0
BRDA:216,15,1,0
BRF:32
BRH:4
end_of_record
TN:
SF:C:\Users\Edgar\Workspace\KPN\scrum-board\src\components\Draggable.vue
FN:25,(anonymous_0)
FN:33,dragMouseDown
FN:41,elementDrag
FN:56,closeDragElement
FN:60,(anonymous_4)
FN:64,(anonymous_5)
FNF:6
FNH:2
FNDA:2,(anonymous_0)
FNDA:0,dragMouseDown
FNDA:0,elementDrag
FNDA:0,closeDragElement
FNDA:2,(anonymous_4)
FNDA:0,(anonymous_5)
DA:17,2
DA:19,2
DA:25,2
DA:26,2
DA:32,2
DA:34,0
DA:36,0
DA:37,0
DA:38,0
DA:39,0
DA:42,0
DA:43,0
DA:44,0
DA:45,0
DA:46,0
DA:49,0
DA:51,0
DA:52,0
DA:53,0
DA:54,0
DA:57,0
DA:58,0
DA:60,2
DA:62,2
DA:63,2
DA:64,0
DA:66,2
DA:67,2
DA:69,2
LF:29
LH:11
BRDA:62,0,0,2
BRDA:62,0,1,2
BRDA:63,1,0,2
BRDA:63,1,1,2
BRF:4
BRH:4
end_of_record
TN:
SF:C:\Users\Edgar\Workspace\KPN\scrum-board\src\components\GroupedStickies.vue
FN:39,(anonymous_0)
FN:40,orderStickies
FN:41,(anonymous_2)
FN:43,detachSticky
FN:46,allowDrop
FN:49,drop
FNF:6
FNH:2
FNDA:1,(anonymous_0)
FNDA:1,orderStickies
FNDA:0,(anonymous_2)
FNDA:0,detachSticky
FNDA:0,allowDrop
FNDA:0,drop
DA:30,2
DA:31,2
DA:33,2
DA:39,1
DA:41,1
DA:44,0
DA:47,0
DA:50,0
DA:52,1
LF:9
LH:6
BRF:0
BRH:0
end_of_record
TN:
SF:C:\Users\Edgar\Workspace\KPN\scrum-board\src\components\Sticky.vue
FN:55,(anonymous_0)
FN:56,saveSticky
FN:59,deleteSticky
FN:62,updateSticky
FNF:4
FNH:1
FNDA:3,(anonymous_0)
FNDA:0,saveSticky
FNDA:0,deleteSticky
FNDA:0,updateSticky
DA:43,2
DA:44,2
DA:45,2
DA:47,2
DA:55,3
DA:56,0
DA:57,0
DA:60,0
DA:63,0
DA:65,3
LF:10
LH:6
BRF:0
BRH:0
end_of_record
TN:
SF:C:\Users\Edgar\Workspace\KPN\scrum-board\src\components\StickyForm.vue
FN:42,(anonymous_0)
FN:45,saveSticky
FNF:2
FNH:1
FNDA:1,(anonymous_0)
FNDA:0,saveSticky
DA:33,3
DA:35,3
DA:42,1
DA:43,1
DA:44,1
DA:46,0
DA:52,1
LF:7
LH:6
BRF:0
BRH:0
end_of_record
TN:
SF:C:\Users\Edgar\Workspace\KPN\scrum-board\src\composables\useInvertColor.ts
FN:1,invertColor
FN:21,padZero
FNF:2
FNH:2
FNDA:9,invertColor
FNDA:27,padZero
DA:3,9
DA:4,9
DA:7,9
DA:8,0
DA:10,9
DA:11,0
DA:14,9
DA:15,9
DA:16,9
DA:19,9
DA:22,27
DA:23,27
DA:24,27
LF:13
LH:11
BRDA:3,0,0,9
BRDA:3,0,1,0
BRDA:7,1,0,0
BRDA:7,1,1,9
BRDA:10,2,0,0
BRDA:10,2,1,9
BRDA:22,3,0,27
BRDA:22,3,1,27
BRF:8
BRH:5
end_of_record
